<?xml version="1.0" encoding="UTF-8" ?>
<testsuite errors="0" failures="0" hostname="samuel-PBL1011" name="calctest.CalculatorTest" tests="5" time="0.275" timestamp="2013-07-05T02:26:52">
  <properties>
    <property name="suites" value="report/suites" />
    <property name="java.vendor" value="Oracle Corporation" />
    <property name="lib.dir" value="/home/samuel/eclipseEE/workspace/PriorJ/workspace/app/lib" />
    <property name="sun.java.launcher" value="SUN_STANDARD" />
    <property name="sun.management.compiler" value="HotSpot Tiered Compilers" />
    <property name="os.name" value="Linux" />
    <property name="sun.boot.class.path" value="/usr/lib/jvm/java-7-oracle/jre/lib/resources.jar:/usr/lib/jvm/java-7-oracle/jre/lib/rt.jar:/usr/lib/jvm/java-7-oracle/jre/lib/sunrsasign.jar:/usr/lib/jvm/java-7-oracle/jre/lib/jsse.jar:/usr/lib/jvm/java-7-oracle/jre/lib/jce.jar:/usr/lib/jvm/java-7-oracle/jre/lib/charsets.jar:/usr/lib/jvm/java-7-oracle/jre/lib/jfr.jar:/usr/lib/jvm/java-7-oracle/jre/classes" />
    <property name="pathLib" value="lib" />
    <property name="report" value="report" />
    <property name="ant.file.PriorJAplicacao" value="/home/samuel/eclipseEE/workspace/PriorJ/buildPriorJ.xml" />
    <property name="sun.desktop" value="gnome" />
    <property name="java.vm.specification.vendor" value="Oracle Corporation" />
    <property name="jar.dir" value="/home/samuel/eclipseEE/workspace/PriorJ/workspace/app/dist" />
    <property name="java.runtime.version" value="1.7.0_21-b11" />
    <property name="user.name" value="samuel" />
    <property name="pathTest" value="test/calctest" />
    <property name="pathApp" value="/home/samuel/eclipseEE/workspace/PriorJ/workspace/app" />
    <property name="user.language" value="pt" />
    <property name="build" value="/home/samuel/eclipseEE/workspace/PriorJ/workspace/app/build" />
    <property name="sun.boot.library.path" value="/usr/lib/jvm/java-7-oracle/jre/lib/i386" />
    <property name="ant.project.name" value="PriorJAplicacao" />
    <property name="java.version" value="1.7.0_21" />
    <property name="user.timezone" value="" />
    <property name="sun.arch.data.model" value="32" />
    <property name="java.endorsed.dirs" value="/usr/lib/jvm/java-7-oracle/jre/lib/endorsed" />
    <property name="sun.cpu.isalist" value="" />
    <property name="sun.jnu.encoding" value="UTF-8" />
    <property name="file.encoding.pkg" value="sun.io" />
    <property name="file.separator" value="/" />
    <property name="java.specification.name" value="Java Platform API Specification" />
    <property name="classes.dir" value="/home/samuel/eclipseEE/workspace/PriorJ/workspace/app/build/" />
    <property name="java.class.version" value="51.0" />
    <property name="src" value="/home/samuel/eclipseEE/workspace/PriorJ/workspace/app/src" />
    <property name="user.country" value="BR" />
    <property name="java.home" value="/usr/lib/jvm/java-7-oracle/jre" />
    <property name="java.vm.info" value="mixed mode" />
    <property name="main-class" value="" />
    <property name="ant.file" value="/home/samuel/eclipseEE/workspace/PriorJ/buildPriorJ.xml" />
    <property name="os.version" value="3.8.0-25-generic" />
    <property name="path.separator" value=":" />
    <property name="java.vm.version" value="23.21-b01" />
    <property name="java.awt.printerjob" value="sun.print.PSPrinterJob" />
    <property name="sun.io.unicode.encoding" value="UnicodeLittle" />
    <property name="awt.toolkit" value="sun.awt.X11.XToolkit" />
    <property name="user.home" value="/home/samuel" />
    <property name="java.specification.vendor" value="Oracle Corporation" />
    <property name="java.library.path" value="/usr/lib/jvm/java-7-oracle/jre/lib/i386/server:/usr/lib/jvm/java-7-oracle/jre/lib/i386:/usr/lib/jvm/java-7-oracle/jre/../lib/i386:/usr/lib/jvm/java-7-openjdk-i386/jre/lib/i386/client:/usr/lib/jvm/java-7-openjdk-i386/jre/lib/i386::/usr/java/packages/lib/i386:/lib:/usr/lib" />
    <property name="java.vendor.url" value="http://java.oracle.com/" />
    <property name="java.vm.vendor" value="Oracle Corporation" />
    <property name="java.runtime.name" value="Java(TM) SE Runtime Environment" />
    <property name="sun.java.command" value="org.apache.tools.ant.taskdefs.optional.junit.JUnitTestRunner calctest.CalculatorTest filtertrace=true haltOnError=false haltOnFailure=false formatter=org.apache.tools.ant.taskdefs.optional.junit.SummaryJUnitResultFormatter showoutput=false outputtoformatters=true logtestlistenerevents=true formatter=org.apache.tools.ant.taskdefs.optional.junit.PlainJUnitResultFormatter formatter=org.apache.tools.ant.taskdefs.optional.junit.XMLJUnitResultFormatter,/home/samuel/eclipseEE/workspace/PriorJ/report/TEST-calctest.CalculatorTest.xml crashfile=/home/samuel/eclipseEE/workspace/PriorJ/junitvmwatcher6690039595540744646.properties propsfile=/home/samuel/eclipseEE/workspace/PriorJ/junit4240657070241860941.properties" />
    <property name="java.class.path" value="/home/samuel/eclipseEE/workspace/PriorJ/workspace/app/lib/ant-junit.jar:/home/samuel/eclipseEE/workspace/PriorJ/workspace/app/lib/ant-launcher.jar:/home/samuel/eclipseEE/workspace/PriorJ/workspace/app/lib/ant.jar:/home/samuel/eclipseEE/workspace/PriorJ/workspace/app/lib/aspectj-1.7.3.jar:/home/samuel/eclipseEE/workspace/PriorJ/workspace/app/lib/aspectjrt.jar:/home/samuel/eclipseEE/workspace/PriorJ/workspace/app/lib/aspectjtools.jar:/home/samuel/eclipseEE/workspace/PriorJ/workspace/app/lib/core-1.0.0.jar:/home/samuel/eclipseEE/workspace/PriorJ/workspace/app/lib/coverage-1.0.0.jar:/home/samuel/eclipseEE/workspace/PriorJ/workspace/app/lib/dependency-jars/xstream-1.4.4.jar:/home/samuel/eclipseEE/workspace/PriorJ/workspace/app/lib/javaparser-1.0.8.jar:/home/samuel/eclipseEE/workspace/PriorJ/workspace/app/lib/junit.jar:/home/samuel/eclipseEE/workspace/PriorJ/workspace/app/lib/priorj-core-0.0.1.jar:/home/samuel/eclipseEE/workspace/PriorJ/workspace/app/lib/xmlpull-1.1.3.1.jar:/home/samuel/eclipseEE/workspace/PriorJ/workspace/app/lib/xpp3_min-1.1.4c.jar:/home/samuel/eclipseEE/workspace/PriorJ/workspace/app/lib/xstream-1.4.2.jar:/home/samuel/eclipseEE/workspace/PriorJ/workspace/app/dist/PriorJAplicacao.jar:/home/samuel/eclipseEE/eclipse/plugins/org.junit_4.10.0.v4_10_0_v20120426-0900/junit.jar:/home/samuel/eclipseEE/workspace/PriorJ/lib/ant-launcher.jar:/home/samuel/eclipseEE/workspace/PriorJ/lib/ant.jar:/home/samuel/eclipseEE/workspace/PriorJ/lib/ant-junit.jar" />
    <property name="ant.version" value="Apache Ant version 1.7.1 compiled on June 27 2008" />
    <property name="java.vm.specification.name" value="Java Virtual Machine Specification" />
    <property name="java.vm.specification.version" value="1.7" />
    <property name="sun.cpu.endian" value="little" />
    <property name="sun.os.patch.level" value="unknown" />
    <property name="tests" value="/home/samuel/eclipseEE/workspace/PriorJ/workspace/app/test/calctest" />
    <property name="java.io.tmpdir" value="/tmp" />
    <property name="java.vendor.url.bug" value="http://bugreport.sun.com/bugreport/" />
    <property name="os.arch" value="i386" />
    <property name="java.awt.graphicsenv" value="sun.awt.X11GraphicsEnvironment" />
    <property name="java.ext.dirs" value="/usr/lib/jvm/java-7-oracle/jre/lib/ext:/usr/java/packages/lib/ext" />
    <property name="user.dir" value="/home/samuel/eclipseEE/workspace/PriorJ" />
    <property name="line.separator" value="
" />
    <property name="java.vm.name" value="Java HotSpot(TM) Server VM" />
    <property name="basedir" value="/home/samuel/eclipseEE/workspace/PriorJ" />
    <property name="ant.java.version" value="1.6" />
    <property name="ant.core.lib" value="/home/samuel/eclipseEE/workspace/PriorJ/lib/ant.jar" />
    <property name="file.encoding" value="UTF-8" />
    <property name="order" value="report/order" />
    <property name="pathCode" value="src" />
    <property name="java.specification.version" value="1.7" />
  </properties>
  <testcase classname="calctest.CalculatorTest" name="testAdd" time="0.178" />
  <testcase classname="calctest.CalculatorTest" name="testSub" time="0.007" />
  <testcase classname="calctest.CalculatorTest" name="testMul" time="0.007" />
  <testcase classname="calctest.CalculatorTest" name="testDiv" time="0.009" />
  <testcase classname="calctest.CalculatorTest" name="testMod" time="0.009" />
  <system-out><![CDATA[]]></system-out>
  <system-err><![CDATA[]]></system-err>
</testsuite>
